[debug] [2022-09-06T05:13:39.897Z] ----------------------------------------------------------------------
[debug] [2022-09-06T05:13:39.900Z] Command:       C:\Program Files\nodejs\node.exe C:\Users\parisa\AppData\Roaming\npm\node_modules\firebase-tools\lib\bin\firebase.js init
[debug] [2022-09-06T05:13:39.901Z] CLI Version:   11.8.0
[debug] [2022-09-06T05:13:39.901Z] Platform:      win32
[debug] [2022-09-06T05:13:39.901Z] Node Version:  v16.14.0
[debug] [2022-09-06T05:13:39.903Z] Time:          Tue Sep 06 2022 09:43:39 GMT+0430 (وقت تابستانی ایران)
[debug] [2022-09-06T05:13:39.904Z] ----------------------------------------------------------------------
[debug] 
[debug] [2022-09-06T05:13:39.910Z] >>> [apiv2][query] GET https://firebase-public.firebaseio.com/cli.json [none]
[debug] [2022-09-06T05:13:39.943Z] > command requires scopes: ["email","openid","https://www.googleapis.com/auth/cloudplatformprojects.readonly","https://www.googleapis.com/auth/firebase","https://www.googleapis.com/auth/cloud-platform"]
[debug] [2022-09-06T05:13:39.943Z] > authorizing via signed-in user (mbkparisa@gmail.com)
[info] 
     ######## #### ########  ######## ########     ###     ######  ########
     ##        ##  ##     ## ##       ##     ##  ##   ##  ##       ##
     ######    ##  ########  ######   ########  #########  ######  ######
     ##        ##  ##    ##  ##       ##     ## ##     ##       ## ##
     ##       #### ##     ## ######## ########  ##     ##  ######  ########

You're about to initialize a Firebase project in this directory:

  C:\myReact\twitter

Before we get started, keep in mind:

  * You are currently outside your home directory

[info] 
=== Project Setup
[info] 
[info] First, let's associate this project directory with a Firebase project.
[info] You can create multiple project aliases by running firebase use --add, 
[info] but for now we'll just set up a default project.
[info] 
[debug] [2022-09-06T05:13:48.459Z] > refreshing access token with scopes: []
[debug] [2022-09-06T05:13:48.461Z] >>> [apiv2][query] POST https://www.googleapis.com/oauth2/v3/token [none]
[debug] [2022-09-06T05:13:48.462Z] >>> [apiv2][body] POST https://www.googleapis.com/oauth2/v3/token [omitted]
[debug] [2022-09-06T05:13:49.099Z] <<< [apiv2][status] POST https://www.googleapis.com/oauth2/v3/token 200
[debug] [2022-09-06T05:13:49.099Z] <<< [apiv2][body] POST https://www.googleapis.com/oauth2/v3/token [omitted]
[debug] [2022-09-06T05:13:49.245Z] >>> [apiv2][query] GET https://firebase.googleapis.com/v1beta1/projects pageSize=100
[debug] [2022-09-06T05:13:49.723Z] <<< [apiv2][status] GET https://firebase.googleapis.com/v1beta1/projects 403
[debug] [2022-09-06T05:13:49.724Z] <<< [apiv2][body] GET https://firebase.googleapis.com/v1beta1/projects [omitted]
[debug] [2022-09-06T05:13:49.724Z] Unable to parse JSON: SyntaxError: Unexpected token < in JSON at position 0
[debug] [2022-09-06T05:13:50.635Z] FirebaseError: Unable to parse JSON: SyntaxError: Unexpected token < in JSON at position 0
    at RetryOperation._fn (C:\Users\parisa\AppData\Roaming\npm\node_modules\firebase-tools\lib\apiv2.js:260:39)
    at processTicksAndRejections (node:internal/process/task_queues:96:5)
[error] 
[error] Error: Failed to list Firebase projects. See firebase-debug.log for more info.
